<?xml version="1.0" encoding="UTF-8"?>
<testsuite xmlns:xsi="http://www.w3.org/2001/XMLSchema-instance" xsi:noNamespaceSchemaLocation="https://maven.apache.org/surefire/maven-surefire-plugin/xsd/surefire-test-report.xsd" name="proyectoUniversidad.AppTest" time="0.075" tests="1" errors="0" skipped="0" failures="0">
  <properties>
    <property name="sun.desktop" value="windows"/>
    <property name="awt.toolkit" value="sun.awt.windows.WToolkit"/>
    <property name="file.encoding.pkg" value="sun.io"/>
    <property name="java.specification.version" value="1.8"/>
    <property name="sun.cpu.isalist" value="amd64"/>
    <property name="sun.jnu.encoding" value="Cp1252"/>
    <property name="java.class.path" value="D:\Administracion-de-Drones-Proyecto-universidad\.\drones\target\test-classes;D:\Administracion-de-Drones-Proyecto-universidad\.\drones\target\classes;C:\Users\aitor\.m2\repository\junit\junit\4.11\junit-4.11.jar;C:\Users\aitor\.m2\repository\org\hamcrest\hamcrest-core\1.3\hamcrest-core-1.3.jar;"/>
    <property name="java.vm.vendor" value=""/>
    <property name="sun.arch.data.model" value="64"/>
    <property name="user.variant" value=""/>
    <property name="java.vendor.url" value="http://java.oracle.com/"/>
    <property name="user.timezone" value="Europe/Paris"/>
    <property name="java.vm.specification.version" value="1.8"/>
    <property name="os.name" value="Windows 10"/>
    <property name="user.country" value="ES"/>
    <property name="sun.java.launcher" value="SUN_STANDARD"/>
    <property name="sun.boot.library.path" value="C:\Users\aitor\AppData\Roaming\Java_RedHat\jre\bin"/>
    <property name="sun.java.command" value="C:\Users\aitor\AppData\Local\Temp\surefire5270700816364871975\surefirebooter9143595925732529369.jar C:\Users\aitor\AppData\Local\Temp\surefire5270700816364871975 2019-09-25T18-09-31_154-jvmRun1 surefire8700078629091358018tmp surefire_01720519410497058384tmp"/>
    <property name="surefire.test.class.path" value="D:\Administracion-de-Drones-Proyecto-universidad\.\drones\target\test-classes;D:\Administracion-de-Drones-Proyecto-universidad\.\drones\target\classes;C:\Users\aitor\.m2\repository\junit\junit\4.11\junit-4.11.jar;C:\Users\aitor\.m2\repository\org\hamcrest\hamcrest-core\1.3\hamcrest-core-1.3.jar;"/>
    <property name="sun.cpu.endian" value="little"/>
    <property name="user.home" value="C:\Users\aitor"/>
    <property name="user.language" value="es"/>
    <property name="java.specification.vendor" value="Oracle Corporation"/>
    <property name="java.home" value="C:\Users\aitor\AppData\Roaming\Java_RedHat\jre"/>
    <property name="basedir" value="D:\Administracion-de-Drones-Proyecto-universidad\.\drones"/>
    <property name="file.separator" value="\"/>
    <property name="line.separator" value="&#10;"/>
    <property name="java.vm.specification.vendor" value="Oracle Corporation"/>
    <property name="java.specification.name" value="Java Platform API Specification"/>
    <property name="java.awt.graphicsenv" value="sun.awt.Win32GraphicsEnvironment"/>
    <property name="surefire.real.class.path" value="C:\Users\aitor\AppData\Local\Temp\surefire5270700816364871975\surefirebooter9143595925732529369.jar"/>
    <property name="sun.boot.class.path" value="C:\Users\aitor\AppData\Roaming\Java_RedHat\jre\lib\resources.jar;C:\Users\aitor\AppData\Roaming\Java_RedHat\jre\lib\rt.jar;C:\Users\aitor\AppData\Roaming\Java_RedHat\jre\lib\sunrsasign.jar;C:\Users\aitor\AppData\Roaming\Java_RedHat\jre\lib\jsse.jar;C:\Users\aitor\AppData\Roaming\Java_RedHat\jre\lib\jce.jar;C:\Users\aitor\AppData\Roaming\Java_RedHat\jre\lib\charsets.jar;C:\Users\aitor\AppData\Roaming\Java_RedHat\jre\lib\jfr.jar;C:\Users\aitor\AppData\Roaming\Java_RedHat\jre\classes"/>
    <property name="user.script" value=""/>
    <property name="sun.management.compiler" value="HotSpot 64-Bit Tiered Compilers"/>
    <property name="java.runtime.version" value="1.8.0_212-3-redhat-b04"/>
    <property name="user.name" value="aitor"/>
    <property name="path.separator" value=";"/>
    <property name="os.version" value="10.0"/>
    <property name="java.endorsed.dirs" value="C:\Users\aitor\AppData\Roaming\Java_RedHat\jre\lib\endorsed"/>
    <property name="java.runtime.name" value="OpenJDK Runtime Environment"/>
    <property name="file.encoding" value="Cp1252"/>
    <property name="java.vm.name" value="OpenJDK 64-Bit Server VM"/>
    <property name="localRepository" value="C:\Users\aitor\.m2\repository"/>
    <property name="java.vendor.url.bug" value="http://bugreport.sun.com/bugreport/"/>
    <property name="java.io.tmpdir" value="C:\Users\aitor\AppData\Local\Temp\"/>
    <property name="java.version" value="1.8.0_212-3-redhat"/>
    <property name="user.dir" value="D:\Administracion-de-Drones-Proyecto-universidad\.\drones"/>
    <property name="os.arch" value="amd64"/>
    <property name="java.vm.specification.name" value="Java Virtual Machine Specification"/>
    <property name="java.awt.printerjob" value="sun.awt.windows.WPrinterJob"/>
    <property name="sun.os.patch.level" value=""/>
    <property name="java.library.path" value="C:\Users\aitor\AppData\Roaming\Java_RedHat\jre\bin;C:\WINDOWS\Sun\Java\bin;C:\WINDOWS\system32;C:\WINDOWS;C:\Program Files (x86)\Intel\iCLS Client\;C:\Program Files\Intel\iCLS Client\;C:\WINDOWS\system32;C:\WINDOWS;C:\WINDOWS\System32\Wbem;C:\WINDOWS\System32\WindowsPowerShell\v1.0\;C:\Program Files (x86)\Intel\Intel(R) Management Engine Components\DAL;C:\Program Files\Intel\Intel(R) Management Engine Components\DAL;C:\Program Files (x86)\Intel\Intel(R) Management Engine Components\IPT;C:\Program Files\Intel\Intel(R) Management Engine Components\IPT;C:\Program Files\Intel\WiFi\bin\;C:\Program Files\Common Files\Intel\WirelessCommon\;C:\WINDOWS\System32\OpenSSH\;C:\Program Files\Tesseract-OCR;C:\Users\aitor\AppData\Roaming\apache-maven-3.6.1\bin;C:\Program Files\Git\cmd;C:\Users\aitor\AppData\Roaming\Java_RedHat\bin;C:\Users\aitor\AppData\Local\Programs\Python\Python37-32\Scripts\;C:\Users\aitor\AppData\Local\Programs\Python\Python37-32\;C:\Users\aitor\AppData\Local\Microsoft\WindowsApps;C:\Users\aitor\AppData\Local\Programs\Microsoft VS Code\bin;C:\Users\aitor\AppData\Roaming\Java;C:\Users\aitor\AppData\Roaming\Java\bin;C:\Users\aitor\AppData\Roaming\ffmpeg-20190711-2601eef-win64-static\bin;C:\Program Files (x86)\Nmap;C:\Users\aitor\AppData\Local\atom\bin;."/>
    <property name="java.vm.info" value="mixed mode"/>
    <property name="java.vendor" value="Oracle Corporation"/>
    <property name="java.vm.version" value="25.212-b04"/>
    <property name="java.ext.dirs" value="C:\Users\aitor\AppData\Roaming\Java_RedHat\jre\lib\ext;C:\WINDOWS\Sun\Java\lib\ext"/>
    <property name="sun.io.unicode.encoding" value="UnicodeLittle"/>
    <property name="java.class.version" value="52.0"/>
  </properties>
  <testcase name="shouldAnswerWithTrue" classname="proyectoUniversidad.AppTest" time="0.003"/>
</testsuite>